<?xml version="1.0" encoding="UTF-8"?>
<!-- Generated by org.testng.reporters.JUnitXMLReporter -->
<testsuite hostname="DESKTOP-8FQNCSO" name="Surefire test" tests="2" failures="0" timestamp="7 Nov 2016 02:48:10 GMT" time="0.03" errors="0">
  <testcase name="testParseCommaSeparatedTuples on testParseCommaSeparatedTuples(io.swagger.codegen.cmd.utils.OptionUtilsTest)" time="0.006" classname="io.swagger.codegen.cmd.utils.OptionUtilsTest"/>
  <testcase name="splitCommaSeparatedList on splitCommaSeparatedList(io.swagger.codegen.cmd.utils.OptionUtilsTest)" time="0.001" classname="io.swagger.codegen.cmd.utils.OptionUtilsTest"/>
</testsuite> <!-- Surefire test -->
